{"/Users/yudi/sites/lunch-tyme/src/screens/InternetsScreen/InternetsScreen.js": {"path":"/Users/yudi/sites/lunch-tyme/src/screens/InternetsScreen/InternetsScreen.js","statementMap":{"0":{"start":{"line":1,"column":42},"end":{"line":1,"column":97}},"1":{"start":{"line":1,"column":98},"end":{"line":1,"column":160}},"2":{"start":{"line":1,"column":160},"end":{"line":1,"column":185}},"3":{"start":{"line":1,"column":208},"end":{"line":1,"column":280}},"4":{"start":{"line":1,"column":301},"end":{"line":1,"column":370}},"5":{"start":{"line":1,"column":405},"end":{"line":1,"column":488}},"6":{"start":{"line":1,"column":512},"end":{"line":1,"column":584}},"7":{"start":{"line":1,"column":602},"end":{"line":1,"column":668}},"8":{"start":{"line":3,"column":13},"end":{"line":3,"column":53}},"9":{"start":{"line":4,"column":19},"end":{"line":4,"column":42}},"10":{"start":{"line":5,"column":26},"end":{"line":5,"column":57}},"11":{"start":{"line":6,"column":18},"end":{"line":6,"column":76}},"12":{"start":{"line":7,"column":18},"end":{"line":7,"column":86}},"13":{"start":{"line":8,"column":21},"end":{"line":8,"column":92}},"14":{"start":{"line":9,"column":21},"end":{"line":9,"column":92}},"15":{"start":{"line":9,"column":112},"end":{"line":9,"column":189}},"16":{"start":{"line":15,"column":18},"end":{"line":52,"column":60}},"17":{"start":{"line":15,"column":47},"end":{"line":15,"column":106}},"18":{"start":{"line":29,"column":45},"end":{"line":29,"column":98}},"19":{"start":{"line":30,"column":4},"end":{"line":30,"column":125}},"20":{"start":{"line":31,"column":4},"end":{"line":31,"column":47}},"21":{"start":{"line":31,"column":47},"end":{"line":31,"column":60}},"22":{"start":{"line":32,"column":3},"end":{"line":52,"column":10}},"23":{"start":{"line":35,"column":19},"end":{"line":35,"column":40}},"24":{"start":{"line":36,"column":6},"end":{"line":39,"column":47}},"25":{"start":{"line":44,"column":6},"end":{"line":48,"column":125}},"26":{"start":{"line":52,"column":10},"end":{"line":52,"column":33}},"27":{"start":{"line":52,"column":61},"end":{"line":52,"column":887}},"28":{"start":{"line":52,"column":131},"end":{"line":52,"column":146}},"29":{"start":{"line":52,"column":147},"end":{"line":52,"column":885}},"30":{"start":{"line":55,"column":0},"end":{"line":55,"column":15}},"31":{"start":{"line":55,"column":16},"end":{"line":55,"column":43}}},"fnMap":{"0":{"name":"(anonymous_0)","decl":{"start":{"line":15,"column":18},"end":{"line":15,"column":19}},"loc":{"start":{"line":15,"column":46},"end":{"line":52,"column":34}},"line":15},"1":{"name":"InternetsScreen","decl":{"start":{"line":29,"column":11},"end":{"line":29,"column":26}},"loc":{"start":{"line":29,"column":34},"end":{"line":32,"column":3}},"line":29},"2":{"name":"componentDidMount","decl":{"start":{"line":32,"column":92},"end":{"line":32,"column":109}},"loc":{"start":{"line":34,"column":4},"end":{"line":41,"column":5}},"line":34},"3":{"name":"render","decl":{"start":{"line":41,"column":42},"end":{"line":41,"column":48}},"loc":{"start":{"line":43,"column":4},"end":{"line":52,"column":5}},"line":43},"4":{"name":"(anonymous_4)","decl":{"start":{"line":52,"column":97},"end":{"line":52,"column":98}},"loc":{"start":{"line":52,"column":113},"end":{"line":52,"column":886}},"line":52}},"branchMap":{},"s":{"0":1,"1":1,"2":1,"3":1,"4":1,"5":1,"6":1,"7":1,"8":1,"9":1,"10":1,"11":1,"12":1,"13":1,"14":1,"15":1,"16":1,"17":1,"18":1,"19":1,"20":1,"21":1,"22":1,"23":1,"24":1,"25":1,"26":1,"27":1,"28":0,"29":0,"30":1,"31":1},"f":{"0":1,"1":1,"2":1,"3":1,"4":0},"b":{},"_coverageSchema":"43e27e138ebf9cfc5966b082cf9a028302ed4184","hash":"b3409ce3ff8a758477b9d6c3feccf74cb3e33bb8"}
,"/Users/yudi/sites/lunch-tyme/src/screens/InternetsScreen/components/HeaderIcon/index.js": {"path":"/Users/yudi/sites/lunch-tyme/src/screens/InternetsScreen/components/HeaderIcon/index.js","statementMap":{"0":{"start":{"line":1,"column":42},"end":{"line":1,"column":97}},"1":{"start":{"line":1,"column":98},"end":{"line":1,"column":160}},"2":{"start":{"line":1,"column":160},"end":{"line":1,"column":185}},"3":{"start":{"line":1,"column":201},"end":{"line":1,"column":266}},"4":{"start":{"line":1,"column":299},"end":{"line":1,"column":380}},"5":{"start":{"line":1,"column":404},"end":{"line":1,"column":476}},"6":{"start":{"line":1,"column":497},"end":{"line":1,"column":566}},"7":{"start":{"line":1,"column":601},"end":{"line":1,"column":684}},"8":{"start":{"line":1,"column":708},"end":{"line":1,"column":780}},"9":{"start":{"line":1,"column":798},"end":{"line":1,"column":864}},"10":{"start":{"line":3,"column":13},"end":{"line":3,"column":53}},"11":{"start":{"line":4,"column":19},"end":{"line":4,"column":42}},"12":{"start":{"line":4,"column":62},"end":{"line":4,"column":151}},"13":{"start":{"line":10,"column":13},"end":{"line":18,"column":59}},"14":{"start":{"line":10,"column":46},"end":{"line":10,"column":104}},"15":{"start":{"line":10,"column":127},"end":{"line":10,"column":175}},"16":{"start":{"line":10,"column":175},"end":{"line":10,"column":295}},"17":{"start":{"line":10,"column":296},"end":{"line":18,"column":10}},"18":{"start":{"line":12,"column":6},"end":{"line":12,"column":16}},"19":{"start":{"line":12,"column":24},"end":{"line":12,"column":40}},"20":{"start":{"line":12,"column":48},"end":{"line":12,"column":109}},"21":{"start":{"line":13,"column":6},"end":{"line":15,"column":159}},"22":{"start":{"line":18,"column":10},"end":{"line":18,"column":28}},"23":{"start":{"line":21,"column":0},"end":{"line":21,"column":10}},"24":{"start":{"line":21,"column":11},"end":{"line":21,"column":38}}},"fnMap":{"0":{"name":"(anonymous_0)","decl":{"start":{"line":10,"column":13},"end":{"line":10,"column":14}},"loc":{"start":{"line":10,"column":45},"end":{"line":18,"column":29}},"line":10},"1":{"name":"HeaderIcon","decl":{"start":{"line":10,"column":113},"end":{"line":10,"column":123}},"loc":{"start":{"line":10,"column":126},"end":{"line":10,"column":296}},"line":10},"2":{"name":"render","decl":{"start":{"line":10,"column":369},"end":{"line":10,"column":375}},"loc":{"start":{"line":11,"column":4},"end":{"line":18,"column":5}},"line":11}},"branchMap":{},"s":{"0":2,"1":2,"2":2,"3":2,"4":2,"5":2,"6":2,"7":2,"8":2,"9":2,"10":2,"11":2,"12":2,"13":2,"14":2,"15":1,"16":1,"17":2,"18":1,"19":1,"20":1,"21":1,"22":2,"23":2,"24":2},"f":{"0":2,"1":1,"2":1},"b":{},"_coverageSchema":"43e27e138ebf9cfc5966b082cf9a028302ed4184","hash":"f9f0497583b66d96db55008acd4bf4091fd8fca3"}
}
