{"/Users/yudi/sites/lunch-tyme/src/screens/InternetsScreen/InternetsScreen.js": {"path":"/Users/yudi/sites/lunch-tyme/src/screens/InternetsScreen/InternetsScreen.js","statementMap":{"0":{"start":{"line":1,"column":42},"end":{"line":1,"column":97}},"1":{"start":{"line":1,"column":98},"end":{"line":1,"column":160}},"2":{"start":{"line":1,"column":160},"end":{"line":1,"column":185}},"3":{"start":{"line":1,"column":208},"end":{"line":1,"column":280}},"4":{"start":{"line":1,"column":301},"end":{"line":1,"column":370}},"5":{"start":{"line":1,"column":405},"end":{"line":1,"column":488}},"6":{"start":{"line":1,"column":512},"end":{"line":1,"column":584}},"7":{"start":{"line":1,"column":602},"end":{"line":1,"column":668}},"8":{"start":{"line":3,"column":13},"end":{"line":3,"column":53}},"9":{"start":{"line":4,"column":19},"end":{"line":4,"column":42}},"10":{"start":{"line":5,"column":26},"end":{"line":5,"column":57}},"11":{"start":{"line":6,"column":18},"end":{"line":6,"column":76}},"12":{"start":{"line":7,"column":18},"end":{"line":7,"column":86}},"13":{"start":{"line":8,"column":21},"end":{"line":8,"column":92}},"14":{"start":{"line":9,"column":21},"end":{"line":9,"column":92}},"15":{"start":{"line":9,"column":112},"end":{"line":9,"column":189}},"16":{"start":{"line":15,"column":18},"end":{"line":52,"column":60}},"17":{"start":{"line":15,"column":47},"end":{"line":15,"column":106}},"18":{"start":{"line":29,"column":45},"end":{"line":29,"column":98}},"19":{"start":{"line":30,"column":4},"end":{"line":30,"column":125}},"20":{"start":{"line":31,"column":4},"end":{"line":31,"column":47}},"21":{"start":{"line":31,"column":47},"end":{"line":31,"column":60}},"22":{"start":{"line":32,"column":3},"end":{"line":52,"column":10}},"23":{"start":{"line":35,"column":19},"end":{"line":35,"column":40}},"24":{"start":{"line":36,"column":6},"end":{"line":39,"column":47}},"25":{"start":{"line":44,"column":6},"end":{"line":48,"column":125}},"26":{"start":{"line":52,"column":10},"end":{"line":52,"column":33}},"27":{"start":{"line":52,"column":61},"end":{"line":52,"column":887}},"28":{"start":{"line":52,"column":131},"end":{"line":52,"column":146}},"29":{"start":{"line":52,"column":147},"end":{"line":52,"column":885}},"30":{"start":{"line":55,"column":0},"end":{"line":55,"column":15}},"31":{"start":{"line":55,"column":16},"end":{"line":55,"column":43}}},"fnMap":{"0":{"name":"(anonymous_0)","decl":{"start":{"line":15,"column":18},"end":{"line":15,"column":19}},"loc":{"start":{"line":15,"column":46},"end":{"line":52,"column":34}},"line":15},"1":{"name":"InternetsScreen","decl":{"start":{"line":29,"column":11},"end":{"line":29,"column":26}},"loc":{"start":{"line":29,"column":34},"end":{"line":32,"column":3}},"line":29},"2":{"name":"componentDidMount","decl":{"start":{"line":32,"column":92},"end":{"line":32,"column":109}},"loc":{"start":{"line":34,"column":4},"end":{"line":41,"column":5}},"line":34},"3":{"name":"render","decl":{"start":{"line":41,"column":42},"end":{"line":41,"column":48}},"loc":{"start":{"line":43,"column":4},"end":{"line":52,"column":5}},"line":43},"4":{"name":"(anonymous_4)","decl":{"start":{"line":52,"column":97},"end":{"line":52,"column":98}},"loc":{"start":{"line":52,"column":113},"end":{"line":52,"column":886}},"line":52}},"branchMap":{},"s":{"0":1,"1":1,"2":1,"3":1,"4":1,"5":1,"6":1,"7":1,"8":1,"9":1,"10":1,"11":1,"12":1,"13":1,"14":1,"15":1,"16":1,"17":1,"18":1,"19":1,"20":1,"21":1,"22":1,"23":1,"24":1,"25":1,"26":1,"27":1,"28":0,"29":0,"30":1,"31":1},"f":{"0":1,"1":1,"2":1,"3":1,"4":0},"b":{},"_coverageSchema":"43e27e138ebf9cfc5966b082cf9a028302ed4184","hash":"b3409ce3ff8a758477b9d6c3feccf74cb3e33bb8"}
,"/Users/yudi/sites/lunch-tyme/src/screens/InternetsScreen/components/HeaderIcon/index.js": {"path":"/Users/yudi/sites/lunch-tyme/src/screens/InternetsScreen/components/HeaderIcon/index.js","statementMap":{"0":{"start":{"line":1,"column":42},"end":{"line":1,"column":97}},"1":{"start":{"line":1,"column":98},"end":{"line":1,"column":160}},"2":{"start":{"line":1,"column":160},"end":{"line":1,"column":185}},"3":{"start":{"line":1,"column":201},"end":{"line":1,"column":266}},"4":{"start":{"line":1,"column":299},"end":{"line":1,"column":380}},"5":{"start":{"line":1,"column":404},"end":{"line":1,"column":476}},"6":{"start":{"line":1,"column":497},"end":{"line":1,"column":566}},"7":{"start":{"line":1,"column":601},"end":{"line":1,"column":684}},"8":{"start":{"line":1,"column":708},"end":{"line":1,"column":780}},"9":{"start":{"line":1,"column":798},"end":{"line":1,"column":864}},"10":{"start":{"line":3,"column":13},"end":{"line":3,"column":53}},"11":{"start":{"line":4,"column":19},"end":{"line":4,"column":42}},"12":{"start":{"line":4,"column":62},"end":{"line":4,"column":151}},"13":{"start":{"line":10,"column":13},"end":{"line":18,"column":59}},"14":{"start":{"line":10,"column":46},"end":{"line":10,"column":104}},"15":{"start":{"line":10,"column":127},"end":{"line":10,"column":175}},"16":{"start":{"line":10,"column":175},"end":{"line":10,"column":295}},"17":{"start":{"line":10,"column":296},"end":{"line":18,"column":10}},"18":{"start":{"line":12,"column":6},"end":{"line":12,"column":16}},"19":{"start":{"line":12,"column":24},"end":{"line":12,"column":40}},"20":{"start":{"line":12,"column":48},"end":{"line":12,"column":109}},"21":{"start":{"line":13,"column":6},"end":{"line":15,"column":159}},"22":{"start":{"line":18,"column":10},"end":{"line":18,"column":28}},"23":{"start":{"line":21,"column":0},"end":{"line":21,"column":10}},"24":{"start":{"line":21,"column":11},"end":{"line":21,"column":38}}},"fnMap":{"0":{"name":"(anonymous_0)","decl":{"start":{"line":10,"column":13},"end":{"line":10,"column":14}},"loc":{"start":{"line":10,"column":45},"end":{"line":18,"column":29}},"line":10},"1":{"name":"HeaderIcon","decl":{"start":{"line":10,"column":113},"end":{"line":10,"column":123}},"loc":{"start":{"line":10,"column":126},"end":{"line":10,"column":296}},"line":10},"2":{"name":"render","decl":{"start":{"line":10,"column":369},"end":{"line":10,"column":375}},"loc":{"start":{"line":11,"column":4},"end":{"line":18,"column":5}},"line":11}},"branchMap":{},"s":{"0":2,"1":2,"2":2,"3":2,"4":2,"5":2,"6":2,"7":2,"8":2,"9":2,"10":2,"11":2,"12":2,"13":2,"14":2,"15":1,"16":1,"17":2,"18":1,"19":1,"20":1,"21":1,"22":2,"23":2,"24":2},"f":{"0":2,"1":1,"2":1},"b":{},"_coverageSchema":"43e27e138ebf9cfc5966b082cf9a028302ed4184","hash":"f9f0497583b66d96db55008acd4bf4091fd8fca3"}
,"/Users/yudi/sites/lunch-tyme/src/screens/LunchScreen/screens/DetailsScreen/DetailsScreen.js": {"path":"/Users/yudi/sites/lunch-tyme/src/screens/LunchScreen/screens/DetailsScreen/DetailsScreen.js","statementMap":{"0":{"start":{"line":1,"column":42},"end":{"line":1,"column":97}},"1":{"start":{"line":1,"column":128},"end":{"line":1,"column":184}},"2":{"start":{"line":1,"column":185},"end":{"line":1,"column":247}},"3":{"start":{"line":1,"column":247},"end":{"line":1,"column":294}},"4":{"start":{"line":1,"column":317},"end":{"line":1,"column":389}},"5":{"start":{"line":1,"column":410},"end":{"line":1,"column":479}},"6":{"start":{"line":1,"column":514},"end":{"line":1,"column":597}},"7":{"start":{"line":1,"column":621},"end":{"line":1,"column":693}},"8":{"start":{"line":1,"column":711},"end":{"line":1,"column":777}},"9":{"start":{"line":3,"column":13},"end":{"line":3,"column":53}},"10":{"start":{"line":4,"column":19},"end":{"line":4,"column":42}},"11":{"start":{"line":5,"column":23},"end":{"line":5,"column":76}},"12":{"start":{"line":6,"column":18},"end":{"line":6,"column":40}},"13":{"start":{"line":7,"column":14},"end":{"line":7,"column":57}},"14":{"start":{"line":8,"column":16},"end":{"line":8,"column":88}},"15":{"start":{"line":8,"column":108},"end":{"line":8,"column":201}},"16":{"start":{"line":18,"column":14},"end":{"line":73,"column":56}},"17":{"start":{"line":18,"column":43},"end":{"line":18,"column":98}},"18":{"start":{"line":18,"column":122},"end":{"line":18,"column":171}},"19":{"start":{"line":18,"column":171},"end":{"line":18,"column":292}},"20":{"start":{"line":18,"column":293},"end":{"line":73,"column":10}},"21":{"start":{"line":34,"column":6},"end":{"line":34,"column":33}},"22":{"start":{"line":34,"column":41},"end":{"line":34,"column":67}},"23":{"start":{"line":34,"column":79},"end":{"line":34,"column":109}},"24":{"start":{"line":34,"column":121},"end":{"line":34,"column":151}},"25":{"start":{"line":34,"column":162},"end":{"line":34,"column":191}},"26":{"start":{"line":35,"column":6},"end":{"line":68,"column":176}},"27":{"start":{"line":73,"column":10},"end":{"line":73,"column":29}},"28":{"start":{"line":73,"column":57},"end":{"line":73,"column":91}},"29":{"start":{"line":73,"column":91},"end":{"line":73,"column":330}},"30":{"start":{"line":77,"column":2},"end":{"line":78,"column":47}},"31":{"start":{"line":82,"column":0},"end":{"line":82,"column":54}},"32":{"start":{"line":82,"column":55},"end":{"line":82,"column":82}}},"fnMap":{"0":{"name":"(anonymous_0)","decl":{"start":{"line":18,"column":14},"end":{"line":18,"column":15}},"loc":{"start":{"line":18,"column":42},"end":{"line":73,"column":30}},"line":18},"1":{"name":"DetailsView","decl":{"start":{"line":18,"column":107},"end":{"line":18,"column":118}},"loc":{"start":{"line":18,"column":121},"end":{"line":18,"column":293}},"line":18},"2":{"name":"render","decl":{"start":{"line":18,"column":367},"end":{"line":18,"column":373}},"loc":{"start":{"line":26,"column":4},"end":{"line":73,"column":5}},"line":26},"3":{"name":"mapStateToProps","decl":{"start":{"line":76,"column":9},"end":{"line":76,"column":24}},"loc":{"start":{"line":76,"column":32},"end":{"line":80,"column":1}},"line":76}},"branchMap":{"0":{"loc":{"start":{"line":59,"column":8},"end":{"line":61,"column":75}},"type":"binary-expr","locations":[{"start":{"line":59,"column":8},"end":{"line":59,"column":16}},{"start":{"line":59,"column":20},"end":{"line":59,"column":45}},{"start":{"line":60,"column":8},"end":{"line":61,"column":75}}],"line":59},"1":{"loc":{"start":{"line":64,"column":8},"end":{"line":65,"column":173}},"type":"binary-expr","locations":[{"start":{"line":64,"column":8},"end":{"line":64,"column":15}},{"start":{"line":64,"column":19},"end":{"line":64,"column":41}},{"start":{"line":65,"column":8},"end":{"line":65,"column":173}}],"line":64},"2":{"loc":{"start":{"line":67,"column":8},"end":{"line":68,"column":172}},"type":"binary-expr","locations":[{"start":{"line":67,"column":8},"end":{"line":67,"column":15}},{"start":{"line":67,"column":19},"end":{"line":67,"column":34}},{"start":{"line":68,"column":8},"end":{"line":68,"column":172}}],"line":67}},"s":{"0":1,"1":1,"2":1,"3":1,"4":1,"5":1,"6":1,"7":1,"8":1,"9":1,"10":1,"11":1,"12":1,"13":1,"14":1,"15":1,"16":1,"17":1,"18":1,"19":1,"20":1,"21":1,"22":1,"23":1,"24":1,"25":1,"26":1,"27":1,"28":1,"29":1,"30":0,"31":1,"32":1},"f":{"0":1,"1":1,"2":1,"3":0},"b":{"0":[1,1,0],"1":[1,0,0],"2":[1,0,0]},"_coverageSchema":"43e27e138ebf9cfc5966b082cf9a028302ed4184","hash":"46dc7189a470ec55d28adbfefed9853a90b3a8ac"}
,"/Users/yudi/sites/lunch-tyme/src/screens/LunchScreen/screens/DetailsScreen/styles.js": {"path":"/Users/yudi/sites/lunch-tyme/src/screens/LunchScreen/screens/DetailsScreen/styles.js","statementMap":{"0":{"start":{"line":1,"column":13},"end":{"line":1,"column":75}},"1":{"start":{"line":1,"column":75},"end":{"line":1,"column":100}},"2":{"start":{"line":1,"column":119},"end":{"line":1,"column":142}},"3":{"start":{"line":3,"column":0},"end":{"line":36,"column":23}},"4":{"start":{"line":36,"column":24},"end":{"line":36,"column":51}}},"fnMap":{},"branchMap":{},"s":{"0":1,"1":1,"2":1,"3":1,"4":1},"f":{},"b":{},"_coverageSchema":"43e27e138ebf9cfc5966b082cf9a028302ed4184","hash":"81d9f30f2e76ab00cad4ff20ab19e7d74105368b"}
,"/Users/yudi/sites/lunch-tyme/src/screens/LunchScreen/screens/ListScreen/Listscreen.js": {"path":"/Users/yudi/sites/lunch-tyme/src/screens/LunchScreen/screens/ListScreen/Listscreen.js","statementMap":{"0":{"start":{"line":1,"column":42},"end":{"line":1,"column":97}},"1":{"start":{"line":1,"column":98},"end":{"line":1,"column":160}},"2":{"start":{"line":1,"column":160},"end":{"line":1,"column":206}},"3":{"start":{"line":1,"column":225},"end":{"line":1,"column":286}},"4":{"start":{"line":1,"column":310},"end":{"line":1,"column":382}},"5":{"start":{"line":1,"column":403},"end":{"line":1,"column":472}},"6":{"start":{"line":1,"column":507},"end":{"line":1,"column":590}},"7":{"start":{"line":1,"column":614},"end":{"line":1,"column":686}},"8":{"start":{"line":1,"column":704},"end":{"line":1,"column":770}},"9":{"start":{"line":3,"column":13},"end":{"line":3,"column":53}},"10":{"start":{"line":4,"column":18},"end":{"line":4,"column":40}},"11":{"start":{"line":5,"column":19},"end":{"line":5,"column":42}},"12":{"start":{"line":13,"column":13},"end":{"line":13,"column":29}},"13":{"start":{"line":14,"column":16},"end":{"line":14,"column":72}},"14":{"start":{"line":15,"column":15},"end":{"line":15,"column":51}},"15":{"start":{"line":16,"column":16},"end":{"line":16,"column":88}},"16":{"start":{"line":17,"column":14},"end":{"line":17,"column":57}},"17":{"start":{"line":17,"column":77},"end":{"line":17,"column":164}},"18":{"start":{"line":19,"column":18},"end":{"line":19,"column":61}},"19":{"start":{"line":31,"column":13},"end":{"line":94,"column":55}},"20":{"start":{"line":31,"column":42},"end":{"line":31,"column":96}},"21":{"start":{"line":39,"column":40},"end":{"line":39,"column":88}},"22":{"start":{"line":40,"column":4},"end":{"line":40,"column":120}},"23":{"start":{"line":40,"column":120},"end":{"line":63,"column":93}},"24":{"start":{"line":60,"column":99},"end":{"line":63,"column":91}},"25":{"start":{"line":60,"column":162},"end":{"line":63,"column":88}},"26":{"start":{"line":60,"column":173},"end":{"line":63,"column":87}},"27":{"start":{"line":60,"column":220},"end":{"line":61,"column":120}},"28":{"start":{"line":61,"column":120},"end":{"line":61,"column":138}},"29":{"start":{"line":61,"column":138},"end":{"line":62,"column":43}},"30":{"start":{"line":63,"column":14},"end":{"line":63,"column":45}},"31":{"start":{"line":63,"column":63},"end":{"line":63,"column":86}},"32":{"start":{"line":63,"column":93},"end":{"line":68,"column":130}},"33":{"start":{"line":66,"column":45},"end":{"line":66,"column":54}},"34":{"start":{"line":66,"column":55},"end":{"line":68,"column":128}},"35":{"start":{"line":67,"column":99},"end":{"line":67,"column":136}},"36":{"start":{"line":68,"column":130},"end":{"line":72,"column":55}},"37":{"start":{"line":72,"column":36},"end":{"line":72,"column":53}},"38":{"start":{"line":72,"column":55},"end":{"line":85,"column":6}},"39":{"start":{"line":75,"column":20},"end":{"line":75,"column":43}},"40":{"start":{"line":76,"column":6},"end":{"line":82,"column":83}},"41":{"start":{"line":85,"column":6},"end":{"line":85,"column":40}},"42":{"start":{"line":85,"column":40},"end":{"line":85,"column":53}},"43":{"start":{"line":85,"column":54},"end":{"line":94,"column":10}},"44":{"start":{"line":85,"column":172},"end":{"line":85,"column":176}},"45":{"start":{"line":85,"column":177},"end":{"line":85,"column":542}},"46":{"start":{"line":85,"column":290},"end":{"line":85,"column":367}},"47":{"start":{"line":85,"column":315},"end":{"line":85,"column":359}},"48":{"start":{"line":85,"column":359},"end":{"line":85,"column":366}},"49":{"start":{"line":85,"column":367},"end":{"line":85,"column":461}},"50":{"start":{"line":85,"column":400},"end":{"line":85,"column":458}},"51":{"start":{"line":85,"column":486},"end":{"line":85,"column":539}},"52":{"start":{"line":88,"column":20},"end":{"line":88,"column":42}},"53":{"start":{"line":89,"column":6},"end":{"line":91,"column":62}},"54":{"start":{"line":94,"column":10},"end":{"line":94,"column":28}},"55":{"start":{"line":94,"column":56},"end":{"line":94,"column":88}},"56":{"start":{"line":94,"column":88},"end":{"line":94,"column":326}},"57":{"start":{"line":98,"column":2},"end":{"line":100,"column":12}},"58":{"start":{"line":103,"column":0},"end":{"line":103,"column":62}},"59":{"start":{"line":103,"column":63},"end":{"line":103,"column":90}}},"fnMap":{"0":{"name":"(anonymous_0)","decl":{"start":{"line":31,"column":13},"end":{"line":31,"column":14}},"loc":{"start":{"line":31,"column":41},"end":{"line":94,"column":29}},"line":31},"1":{"name":"ListScreen","decl":{"start":{"line":39,"column":11},"end":{"line":39,"column":21}},"loc":{"start":{"line":39,"column":29},"end":{"line":85,"column":54}},"line":39},"2":{"name":"_callee","decl":{"start":{"line":60,"column":33},"end":{"line":60,"column":40}},"loc":{"start":{"line":60,"column":47},"end":{"line":63,"column":92}},"line":60},"3":{"name":"_callee$","decl":{"start":{"line":60,"column":142},"end":{"line":60,"column":150}},"loc":{"start":{"line":60,"column":161},"end":{"line":63,"column":89}},"line":60},"4":{"name":"(anonymous_4)","decl":{"start":{"line":66,"column":17},"end":{"line":66,"column":18}},"loc":{"start":{"line":66,"column":33},"end":{"line":68,"column":129}},"line":66},"5":{"name":"onPress","decl":{"start":{"line":67,"column":88},"end":{"line":67,"column":95}},"loc":{"start":{"line":67,"column":98},"end":{"line":67,"column":137}},"line":67},"6":{"name":"(anonymous_6)","decl":{"start":{"line":72,"column":19},"end":{"line":72,"column":20}},"loc":{"start":{"line":72,"column":35},"end":{"line":72,"column":54}},"line":72},"7":{"name":"(anonymous_7)","decl":{"start":{"line":74,"column":24},"end":{"line":74,"column":25}},"loc":{"start":{"line":74,"column":36},"end":{"line":85,"column":5}},"line":74},"8":{"name":"componentDidMount","decl":{"start":{"line":85,"column":138},"end":{"line":85,"column":155}},"loc":{"start":{"line":85,"column":158},"end":{"line":85,"column":543}},"line":85},"9":{"name":"(anonymous_9)","decl":{"start":{"line":85,"column":274},"end":{"line":85,"column":275}},"loc":{"start":{"line":85,"column":289},"end":{"line":85,"column":462}},"line":85},"10":{"name":"(anonymous_10)","decl":{"start":{"line":85,"column":383},"end":{"line":85,"column":384}},"loc":{"start":{"line":85,"column":399},"end":{"line":85,"column":459}},"line":85},"11":{"name":"(anonymous_11)","decl":{"start":{"line":85,"column":470},"end":{"line":85,"column":471}},"loc":{"start":{"line":85,"column":485},"end":{"line":85,"column":540}},"line":85},"12":{"name":"render","decl":{"start":{"line":85,"column":580},"end":{"line":85,"column":586}},"loc":{"start":{"line":87,"column":4},"end":{"line":94,"column":5}},"line":87},"13":{"name":"mapDispatchToProps","decl":{"start":{"line":97,"column":9},"end":{"line":97,"column":27}},"loc":{"start":{"line":97,"column":38},"end":{"line":101,"column":1}},"line":97}},"branchMap":{"0":{"loc":{"start":{"line":60,"column":173},"end":{"line":63,"column":87}},"type":"switch","locations":[{"start":{"line":60,"column":213},"end":{"line":62,"column":43}},{"start":{"line":62,"column":43},"end":{"line":63,"column":45}},{"start":{"line":63,"column":45},"end":{"line":63,"column":52}},{"start":{"line":63,"column":52},"end":{"line":63,"column":86}}],"line":60},"1":{"loc":{"start":{"line":85,"column":290},"end":{"line":85,"column":367}},"type":"if","locations":[{"start":{"line":85,"column":290},"end":{"line":85,"column":367}},{"start":{"line":85,"column":290},"end":{"line":85,"column":367}}],"line":85},"2":{"loc":{"start":{"line":91,"column":8},"end":{"line":91,"column":59}},"type":"binary-expr","locations":[{"start":{"line":91,"column":8},"end":{"line":91,"column":31}},{"start":{"line":91,"column":35},"end":{"line":91,"column":59}}],"line":91}},"s":{"0":1,"1":1,"2":1,"3":1,"4":1,"5":1,"6":1,"7":1,"8":1,"9":1,"10":1,"11":1,"12":1,"13":1,"14":1,"15":1,"16":1,"17":1,"18":1,"19":1,"20":1,"21":1,"22":1,"23":1,"24":0,"25":0,"26":0,"27":0,"28":0,"29":0,"30":0,"31":0,"32":1,"33":0,"34":0,"35":0,"36":1,"37":0,"38":1,"39":0,"40":0,"41":1,"42":1,"43":1,"44":0,"45":0,"46":0,"47":0,"48":0,"49":0,"50":0,"51":0,"52":1,"53":1,"54":1,"55":1,"56":1,"57":0,"58":1,"59":1},"f":{"0":1,"1":1,"2":0,"3":0,"4":0,"5":0,"6":0,"7":0,"8":0,"9":0,"10":0,"11":0,"12":1,"13":0},"b":{"0":[0,0,0,0],"1":[0,0],"2":[1,0]},"_coverageSchema":"43e27e138ebf9cfc5966b082cf9a028302ed4184","hash":"173c6910571dc3b186e47be60c95d36d8276e49a"}
,"/Users/yudi/sites/lunch-tyme/src/screens/LunchScreen/screens/ListScreen/styles.js": {"path":"/Users/yudi/sites/lunch-tyme/src/screens/LunchScreen/screens/ListScreen/styles.js","statementMap":{"0":{"start":{"line":1,"column":13},"end":{"line":1,"column":75}},"1":{"start":{"line":1,"column":75},"end":{"line":1,"column":100}},"2":{"start":{"line":1,"column":119},"end":{"line":1,"column":142}},"3":{"start":{"line":3,"column":0},"end":{"line":7,"column":23}},"4":{"start":{"line":7,"column":24},"end":{"line":7,"column":51}}},"fnMap":{},"branchMap":{},"s":{"0":1,"1":1,"2":1,"3":1,"4":1},"f":{},"b":{},"_coverageSchema":"43e27e138ebf9cfc5966b082cf9a028302ed4184","hash":"c0355ce23d12d2f60fc641c2f73ec6f6449448b2"}
,"/Users/yudi/sites/lunch-tyme/src/screens/LunchScreen/screens/ListScreen/components/ListItem/index.js": {"path":"/Users/yudi/sites/lunch-tyme/src/screens/LunchScreen/screens/ListScreen/components/ListItem/index.js","statementMap":{"0":{"start":{"line":1,"column":42},"end":{"line":1,"column":97}},"1":{"start":{"line":1,"column":98},"end":{"line":1,"column":160}},"2":{"start":{"line":1,"column":160},"end":{"line":1,"column":185}},"3":{"start":{"line":1,"column":208},"end":{"line":1,"column":280}},"4":{"start":{"line":1,"column":301},"end":{"line":1,"column":370}},"5":{"start":{"line":1,"column":405},"end":{"line":1,"column":488}},"6":{"start":{"line":1,"column":512},"end":{"line":1,"column":584}},"7":{"start":{"line":1,"column":602},"end":{"line":1,"column":668}},"8":{"start":{"line":1,"column":682},"end":{"line":1,"column":722}},"9":{"start":{"line":2,"column":19},"end":{"line":2,"column":42}},"10":{"start":{"line":3,"column":14},"end":{"line":3,"column":57}},"11":{"start":{"line":4,"column":30},"end":{"line":4,"column":123}},"12":{"start":{"line":4,"column":143},"end":{"line":4,"column":245}},"13":{"start":{"line":14,"column":11},"end":{"line":32,"column":57}},"14":{"start":{"line":14,"column":44},"end":{"line":14,"column":100}},"15":{"start":{"line":14,"column":121},"end":{"line":14,"column":167}},"16":{"start":{"line":14,"column":167},"end":{"line":14,"column":285}},"17":{"start":{"line":14,"column":286},"end":{"line":32,"column":10}},"18":{"start":{"line":16,"column":13},"end":{"line":16,"column":28}},"19":{"start":{"line":17,"column":6},"end":{"line":27,"column":153}},"20":{"start":{"line":32,"column":10},"end":{"line":32,"column":26}},"21":{"start":{"line":35,"column":0},"end":{"line":35,"column":8}},"22":{"start":{"line":35,"column":9},"end":{"line":35,"column":36}}},"fnMap":{"0":{"name":"(anonymous_0)","decl":{"start":{"line":14,"column":11},"end":{"line":14,"column":12}},"loc":{"start":{"line":14,"column":43},"end":{"line":32,"column":27}},"line":14},"1":{"name":"ListItem","decl":{"start":{"line":14,"column":109},"end":{"line":14,"column":117}},"loc":{"start":{"line":14,"column":120},"end":{"line":14,"column":286}},"line":14},"2":{"name":"render","decl":{"start":{"line":14,"column":357},"end":{"line":14,"column":363}},"loc":{"start":{"line":15,"column":4},"end":{"line":32,"column":5}},"line":15}},"branchMap":{},"s":{"0":1,"1":1,"2":1,"3":1,"4":1,"5":1,"6":1,"7":1,"8":1,"9":1,"10":1,"11":1,"12":1,"13":1,"14":1,"15":0,"16":0,"17":1,"18":0,"19":0,"20":1,"21":1,"22":1},"f":{"0":1,"1":0,"2":0},"b":{},"_coverageSchema":"43e27e138ebf9cfc5966b082cf9a028302ed4184","hash":"f210603d917c60d56f276d9e9b11fe6b40fb079b"}
,"/Users/yudi/sites/lunch-tyme/src/screens/LunchScreen/screens/ListScreen/components/ListItem/styles.js": {"path":"/Users/yudi/sites/lunch-tyme/src/screens/LunchScreen/screens/ListScreen/components/ListItem/styles.js","statementMap":{"0":{"start":{"line":1,"column":13},"end":{"line":1,"column":75}},"1":{"start":{"line":1,"column":75},"end":{"line":1,"column":100}},"2":{"start":{"line":1,"column":119},"end":{"line":1,"column":142}},"3":{"start":{"line":3,"column":18},"end":{"line":3,"column":61}},"4":{"start":{"line":5,"column":0},"end":{"line":27,"column":18}},"5":{"start":{"line":27,"column":19},"end":{"line":27,"column":46}}},"fnMap":{},"branchMap":{},"s":{"0":1,"1":1,"2":1,"3":1,"4":1,"5":1},"f":{},"b":{},"_coverageSchema":"43e27e138ebf9cfc5966b082cf9a028302ed4184","hash":"7b931815741ea444683be5320a3ebff82a6f911f"}
,"/Users/yudi/sites/lunch-tyme/src/state/actions.js": {"path":"/Users/yudi/sites/lunch-tyme/src/state/actions.js","statementMap":{"0":{"start":{"line":1,"column":42},"end":{"line":1,"column":97}},"1":{"start":{"line":1,"column":98},"end":{"line":1,"column":160}},"2":{"start":{"line":1,"column":160},"end":{"line":1,"column":210}},"3":{"start":{"line":1,"column":223},"end":{"line":1,"column":265}},"4":{"start":{"line":5,"column":2},"end":{"line":7,"column":26}}},"fnMap":{"0":{"name":"setActiveRestaurant","decl":{"start":{"line":4,"column":9},"end":{"line":4,"column":28}},"loc":{"start":{"line":4,"column":41},"end":{"line":9,"column":1}},"line":4}},"branchMap":{},"s":{"0":1,"1":1,"2":1,"3":1,"4":0},"f":{"0":0},"b":{},"_coverageSchema":"43e27e138ebf9cfc5966b082cf9a028302ed4184","hash":"a003b8e898bf3e2acc47f1d6f1ffd26206ed1d5d"}
,"/Users/yudi/sites/lunch-tyme/src/state/types.js": {"path":"/Users/yudi/sites/lunch-tyme/src/state/types.js","statementMap":{"0":{"start":{"line":1,"column":13},"end":{"line":1,"column":75}},"1":{"start":{"line":1,"column":75},"end":{"line":1,"column":100}},"2":{"start":{"line":1,"column":128},"end":{"line":1,"column":151}},"3":{"start":{"line":3,"column":0},"end":{"line":4,"column":48}},"4":{"start":{"line":4,"column":49},"end":{"line":4,"column":76}}},"fnMap":{},"branchMap":{},"s":{"0":1,"1":1,"2":1,"3":1,"4":1},"f":{},"b":{},"_coverageSchema":"43e27e138ebf9cfc5966b082cf9a028302ed4184","hash":"b020c6cbfc8b3c888eb4c56f9b3285f9c0da6bd9"}
}
