TN:
SF:/Users/yudi/sites/lunch-tyme/src/screens/InternetsScreen/InternetsScreen.js
FN:15,(anonymous_0)
FN:29,InternetsScreen
FN:32,componentDidMount
FN:41,render
FN:52,(anonymous_4)
FNF:5
FNH:4
FNDA:1,(anonymous_0)
FNDA:1,InternetsScreen
FNDA:1,componentDidMount
FNDA:1,render
FNDA:0,(anonymous_4)
DA:1,1
DA:3,1
DA:4,1
DA:5,1
DA:6,1
DA:7,1
DA:8,1
DA:9,1
DA:15,1
DA:29,1
DA:30,1
DA:31,1
DA:32,1
DA:35,1
DA:36,1
DA:44,1
DA:52,1
DA:55,1
LF:18
LH:18
BRF:0
BRH:0
end_of_record
TN:
SF:/Users/yudi/sites/lunch-tyme/src/screens/InternetsScreen/components/HeaderIcon/index.js
FN:10,(anonymous_0)
FN:10,HeaderIcon
FN:10,render
FNF:3
FNH:3
FNDA:2,(anonymous_0)
FNDA:1,HeaderIcon
FNDA:1,render
DA:1,2
DA:3,2
DA:4,2
DA:10,2
DA:12,1
DA:13,1
DA:18,2
DA:21,2
LF:8
LH:8
BRF:0
BRH:0
end_of_record
TN:
SF:/Users/yudi/sites/lunch-tyme/src/screens/LunchScreen/screens/DetailsScreen/DetailsScreen.js
FN:18,(anonymous_0)
FN:18,DetailsView
FN:18,render
FN:76,mapStateToProps
FNF:4
FNH:3
FNDA:1,(anonymous_0)
FNDA:1,DetailsView
FNDA:1,render
FNDA:0,mapStateToProps
DA:1,1
DA:3,1
DA:4,1
DA:5,1
DA:6,1
DA:7,1
DA:8,1
DA:18,1
DA:34,1
DA:35,1
DA:73,1
DA:77,0
DA:82,1
LF:13
LH:12
BRDA:59,0,0,1
BRDA:59,0,1,1
BRDA:59,0,2,0
BRDA:64,1,0,1
BRDA:64,1,1,0
BRDA:64,1,2,0
BRDA:67,2,0,1
BRDA:67,2,1,0
BRDA:67,2,2,0
BRF:9
BRH:4
end_of_record
TN:
SF:/Users/yudi/sites/lunch-tyme/src/screens/LunchScreen/screens/DetailsScreen/styles.js
FNF:0
FNH:0
DA:1,1
DA:3,1
DA:36,1
LF:3
LH:3
BRF:0
BRH:0
end_of_record
TN:
SF:/Users/yudi/sites/lunch-tyme/src/screens/LunchScreen/screens/ListScreen/Listscreen.js
FN:31,(anonymous_0)
FN:39,ListScreen
FN:60,_callee
FN:60,_callee$
FN:66,(anonymous_4)
FN:67,onPress
FN:72,(anonymous_6)
FN:74,(anonymous_7)
FN:85,componentDidMount
FN:85,(anonymous_9)
FN:85,(anonymous_10)
FN:85,(anonymous_11)
FN:85,render
FN:97,mapDispatchToProps
FNF:14
FNH:3
FNDA:1,(anonymous_0)
FNDA:1,ListScreen
FNDA:0,_callee
FNDA:0,_callee$
FNDA:0,(anonymous_4)
FNDA:0,onPress
FNDA:0,(anonymous_6)
FNDA:0,(anonymous_7)
FNDA:0,componentDidMount
FNDA:0,(anonymous_9)
FNDA:0,(anonymous_10)
FNDA:0,(anonymous_11)
FNDA:1,render
FNDA:0,mapDispatchToProps
DA:1,1
DA:3,1
DA:4,1
DA:5,1
DA:13,1
DA:14,1
DA:15,1
DA:16,1
DA:17,1
DA:19,1
DA:31,1
DA:39,1
DA:40,1
DA:60,0
DA:61,0
DA:63,1
DA:66,0
DA:67,0
DA:68,1
DA:72,1
DA:75,0
DA:76,0
DA:85,1
DA:88,1
DA:89,1
DA:94,1
DA:98,0
DA:103,1
LF:28
LH:21
BRDA:60,0,0,0
BRDA:60,0,1,0
BRDA:60,0,2,0
BRDA:60,0,3,0
BRDA:85,1,0,0
BRDA:85,1,1,0
BRDA:91,2,0,1
BRDA:91,2,1,0
BRF:8
BRH:1
end_of_record
TN:
SF:/Users/yudi/sites/lunch-tyme/src/screens/LunchScreen/screens/ListScreen/styles.js
FNF:0
FNH:0
DA:1,1
DA:3,1
DA:7,1
LF:3
LH:3
BRF:0
BRH:0
end_of_record
TN:
SF:/Users/yudi/sites/lunch-tyme/src/screens/LunchScreen/screens/ListScreen/components/ListItem/index.js
FN:14,(anonymous_0)
FN:14,ListItem
FN:14,render
FNF:3
FNH:1
FNDA:1,(anonymous_0)
FNDA:0,ListItem
FNDA:0,render
DA:1,1
DA:2,1
DA:3,1
DA:4,1
DA:14,1
DA:16,0
DA:17,0
DA:32,1
DA:35,1
LF:9
LH:7
BRF:0
BRH:0
end_of_record
TN:
SF:/Users/yudi/sites/lunch-tyme/src/screens/LunchScreen/screens/ListScreen/components/ListItem/styles.js
FNF:0
FNH:0
DA:1,1
DA:3,1
DA:5,1
DA:27,1
LF:4
LH:4
BRF:0
BRH:0
end_of_record
TN:
SF:/Users/yudi/sites/lunch-tyme/src/state/actions.js
FN:4,setActiveRestaurant
FNF:1
FNH:0
FNDA:0,setActiveRestaurant
DA:1,1
DA:5,0
LF:2
LH:1
BRF:0
BRH:0
end_of_record
TN:
SF:/Users/yudi/sites/lunch-tyme/src/state/types.js
FNF:0
FNH:0
DA:1,1
DA:3,1
DA:4,1
LF:3
LH:3
BRF:0
BRH:0
end_of_record
