TN:
SF:/Users/yudi/sites/lunch-tyme/src/screens/InternetsScreen/InternetsScreen.js
FN:15,(anonymous_0)
FN:29,InternetsScreen
FN:32,componentDidMount
FN:41,render
FN:52,(anonymous_4)
FNF:5
FNH:4
FNDA:1,(anonymous_0)
FNDA:1,InternetsScreen
FNDA:1,componentDidMount
FNDA:1,render
FNDA:0,(anonymous_4)
DA:1,1
DA:3,1
DA:4,1
DA:5,1
DA:6,1
DA:7,1
DA:8,1
DA:9,1
DA:15,1
DA:29,1
DA:30,1
DA:31,1
DA:32,1
DA:35,1
DA:36,1
DA:44,1
DA:52,1
DA:55,1
LF:18
LH:18
BRF:0
BRH:0
end_of_record
TN:
SF:/Users/yudi/sites/lunch-tyme/src/screens/InternetsScreen/components/HeaderIcon/index.js
FN:10,(anonymous_0)
FN:10,HeaderIcon
FN:10,render
FNF:3
FNH:3
FNDA:2,(anonymous_0)
FNDA:1,HeaderIcon
FNDA:1,render
DA:1,2
DA:3,2
DA:4,2
DA:10,2
DA:12,1
DA:13,1
DA:18,2
DA:21,2
LF:8
LH:8
BRF:0
BRH:0
end_of_record
